# JRE version: OpenJDK Runtime Environment (8.0_152-b01) (build 1.8.0_152-release-1024-b01)
# Java VM: OpenJDK 64-Bit Server VM (25.152-b01 mixed mode bsd-amd64 compressed oops)
Heap:
 PSYoungGen      total 313856K, used 313696K [0x00000007a0000000, 0x00000007bf500000, 0x00000007c0000000)
  eden space 305152K, 100% used [0x00000007a0000000,0x00000007b2a00000,0x00000007b2a00000)
  from space 8704K, 98% used [0x00000007b2a00000,0x00000007b3258040,0x00000007b3280000)
  to   space 103936K, 14% used [0x00000007b8f80000,0x00000007b9e80000,0x00000007bf500000)
 ParOldGen       total 548864K, used 298246K [0x0000000760000000, 0x0000000781800000, 0x00000007a0000000)
  object space 548864K, 54% used [0x0000000760000000,0x00000007723418f8,0x0000000781800000)
 Metaspace       used 321131K, capacity 336800K, committed 337112K, reserved 1343488K
  class space    used 40556K, capacity 43650K, committed 43776K, reserved 1048576K
GC Heap History (10 events):
Event: 6977.817 GC heap after
Heap after GC invocations=152 (full 11):
 PSYoungGen      total 406016K, used 70508K [0x00000007a0000000, 0x00000007c0000000, 0x00000007c0000000)
  eden space 305664K, 0% used [0x00000007a0000000,0x00000007a0000000,0x00000007b2a80000)
  from space 100352K, 70% used [0x00000007b2a80000,0x00000007b6f5b280,0x00000007b8c80000)
  to   space 109056K, 0% used [0x00000007b9580000,0x00000007b9580000,0x00000007c0000000)
 ParOldGen       total 548864K, used 279553K [0x0000000760000000, 0x0000000781800000, 0x00000007a0000000)
  object space 548864K, 50% used [0x0000000760000000,0x0000000771100728,0x0000000781800000)
 Metaspace       used 315088K, capacity 329650K, committed 329816K, reserved 1337344K
  class space    used 39866K, capacity 42778K, committed 42880K, reserved 1048576K
}
Event: 7093.070 GC heap before
{Heap before GC invocations=153 (full 11):
 PSYoungGen      total 406016K, used 376172K [0x00000007a0000000, 0x00000007c0000000, 0x00000007c0000000)
  eden space 305664K, 100% used [0x00000007a0000000,0x00000007b2a80000,0x00000007b2a80000)
  from space 100352K, 70% used [0x00000007b2a80000,0x00000007b6f5b280,0x00000007b8c80000)
  to   space 109056K, 0% used [0x00000007b9580000,0x00000007b9580000,0x00000007c0000000)
 ParOldGen       total 548864K, used 279553K [0x0000000760000000, 0x0000000781800000, 0x00000007a0000000)
  object space 548864K, 50% used [0x0000000760000000,0x0000000771100728,0x0000000781800000)
 Metaspace       used 319165K, capacity 333916K, committed 334296K, reserved 1341440K
  class space    used 40250K, capacity 43187K, committed 43264K, reserved 1048576K
Event: 7093.425 GC heap after
Heap after GC invocations=153 (full 11):
 PSYoungGen      total 419328K, used 13737K [0x00000007a0000000, 0x00000007bff80000, 0x00000007c0000000)
  eden space 310784K, 0% used [0x00000007a0000000,0x00000007a0000000,0x00000007b2f80000)
  from space 108544K, 12% used [0x00000007b9580000,0x00000007ba2ea6e8,0x00000007bff80000)
  to   space 104448K, 0% used [0x00000007b2f80000,0x00000007b2f80000,0x00000007b9580000)
 ParOldGen       total 548864K, used 286091K [0x0000000760000000, 0x0000000781800000, 0x00000007a0000000)
  object space 548864K, 52% used [0x0000000760000000,0x0000000771762cd8,0x0000000781800000)
 Metaspace       used 319165K, capacity 333916K, committed 334296K, reserved 1341440K
  class space    used 40250K, capacity 43187K, committed 43264K, reserved 1048576K
}
Event: 7102.961 GC heap before
{Heap before GC invocations=154 (full 11):
 PSYoungGen      total 419328K, used 324521K [0x00000007a0000000, 0x00000007bff80000, 0x00000007c0000000)
  eden space 310784K, 100% used [0x00000007a0000000,0x00000007b2f80000,0x00000007b2f80000)
  from space 108544K, 12% used [0x00000007b9580000,0x00000007ba2ea6e8,0x00000007bff80000)
  to   space 104448K, 0% used [0x00000007b2f80000,0x00000007b2f80000,0x00000007b9580000)
 ParOldGen       total 548864K, used 286091K [0x0000000760000000, 0x0000000781800000, 0x00000007a0000000)
  object space 548864K, 52% used [0x0000000760000000,0x0000000771762cd8,0x0000000781800000)
 Metaspace       used 319514K, capacity 334354K, committed 334552K, reserved 1341440K
  class space    used 40265K, capacity 43214K, committed 43264K, reserved 1048576K
Event: 7103.210 GC heap after
Heap after GC invocations=154 (full 11):
 PSYoungGen      total 380928K, used 69775K [0x00000007a0000000, 0x00000007c0000000, 0x00000007c0000000)
  eden space 310784K, 0% used [0x00000007a0000000,0x00000007a0000000,0x00000007b2f80000)
  from space 70144K, 99% used [0x00000007b2f80000,0x00000007b73a3c60,0x00000007b7400000)
  to   space 111616K, 0% used [0x00000007b9300000,0x00000007b9300000,0x00000007c0000000)
 ParOldGen       total 548864K, used 288688K [0x0000000760000000, 0x0000000781800000, 0x00000007a0000000)
  object space 548864K, 52% used [0x0000000760000000,0x00000007719ec058,0x0000000781800000)
 Metaspace       used 319514K, capacity 334354K, committed 334552K, reserved 1341440K
  class space    used 40265K, capacity 43214K, committed 43264K, reserved 1048576K
}
Event: 7429.231 GC heap before
{Heap before GC invocations=155 (full 11):
 PSYoungGen      total 380928K, used 380559K [0x00000007a0000000, 0x00000007c0000000, 0x00000007c0000000)
  eden space 310784K, 100% used [0x00000007a0000000,0x00000007b2f80000,0x00000007b2f80000)
  from space 70144K, 99% used [0x00000007b2f80000,0x00000007b73a3c60,0x00000007b7400000)
  to   space 111616K, 0% used [0x00000007b9300000,0x00000007b9300000,0x00000007c0000000)
 ParOldGen       total 548864K, used 288688K [0x0000000760000000, 0x0000000781800000, 0x00000007a0000000)
  object space 548864K, 52% used [0x0000000760000000,0x00000007719ec058,0x0000000781800000)
 Metaspace       used 319700K, capacity 334706K, committed 334808K, reserved 1341440K
  class space    used 40285K, capacity 43250K, committed 43264K, reserved 1048576K
Event: 7429.661 GC heap after
Heap after GC invocations=155 (full 11):
 PSYoungGen      total 416768K, used 13904K [0x00000007a0000000, 0x00000007c0000000, 0x00000007c0000000)
  eden space 305152K, 0% used [0x00000007a0000000,0x00000007a0000000,0x00000007b2a00000)
  from space 111616K, 12% used [0x00000007b9300000,0x00000007ba0942d8,0x00000007c0000000)
  to   space 107520K, 0% used [0x00000007b2a00000,0x00000007b2a00000,0x00000007b9300000)
 ParOldGen       total 548864K, used 291036K [0x0000000760000000, 0x0000000781800000, 0x00000007a0000000)
  object space 548864K, 53% used [0x0000000760000000,0x0000000771c373a8,0x0000000781800000)
 Metaspace       used 319700K, capacity 334706K, committed 334808K, reserved 1341440K
  class space    used 40285K, capacity 43250K, committed 43264K, reserved 1048576K
}
Event: 7435.806 GC heap before
{Heap before GC invocations=156 (full 11):
 PSYoungGen      total 416768K, used 319056K [0x00000007a0000000, 0x00000007c0000000, 0x00000007c0000000)
  eden space 305152K, 100% used [0x00000007a0000000,0x00000007b2a00000,0x00000007b2a00000)
  from space 111616K, 12% used [0x00000007b9300000,0x00000007ba0942d8,0x00000007c0000000)
  to   space 107520K, 0% used [0x00000007b2a00000,0x00000007b2a00000,0x00000007b9300000)
 ParOldGen       total 548864K, used 291036K [0x0000000760000000, 0x0000000781800000, 0x00000007a0000000)
  object space 548864K, 53% used [0x0000000760000000,0x0000000771c373a8,0x0000000781800000)
 Metaspace       used 320050K, capacity 335288K, committed 335448K, reserved 1341440K
  class space    used 40331K, capacity 43315K, committed 43392K, reserved 1048576K
Event: 7435.842 GC heap after
Heap after GC invocations=156 (full 11):
 PSYoungGen      total 313856K, used 8544K [0x00000007a0000000, 0x00000007bf500000, 0x00000007c0000000)
  eden space 305152K, 0% used [0x00000007a0000000,0x00000007a0000000,0x00000007b2a00000)
  from space 8704K, 98% used [0x00000007b2a00000,0x00000007b3258040,0x00000007b3280000)
  to   space 103936K, 0% used [0x00000007b8f80000,0x00000007b8f80000,0x00000007bf500000)
 ParOldGen       total 548864K, used 293141K [0x0000000760000000, 0x0000000781800000, 0x00000007a0000000)
  object space 548864K, 53% used [0x0000000760000000,0x0000000771e45728,0x0000000781800000)
 Metaspace       used 320050K, capacity 335288K, committed 335448K, reserved 1341440K
  class space    used 40331K, capacity 43315K, committed 43392K, reserved 1048576K
}
Event: 7907.336 GC heap before
{Heap before GC invocations=157 (full 11):
 PSYoungGen      total 313856K, used 313696K [0x00000007a0000000, 0x00000007bf500000, 0x00000007c0000000)
  eden space 305152K, 100% used [0x00000007a0000000,0x00000007b2a00000,0x00000007b2a00000)
  from space 8704K, 98% used [0x00000007b2a00000,0x00000007b3258040,0x00000007b3280000)
  to   space 103936K, 0% used [0x00000007b8f80000,0x00000007b8f80000,0x00000007bf500000)
 ParOldGen       total 548864K, used 293141K [0x0000000760000000, 0x0000000781800000, 0x00000007a0000000)
  object space 548864K, 53% used [0x0000000760000000,0x0000000771e45728,0x0000000781800000)
 Metaspace       used 321131K, capacity 336800K, committed 337112K, reserved 1343488K
  class space    used 40556K, capacity 43650K, committed 43776K, reserved 1048576K

